{"D:\\All Projects\\goshop\\backend\\src\\config\\firebase.ts": {"path":"D:\\All Projects\\goshop\\backend\\src\\config\\firebase.ts","statementMap":{"0":{"start":{"line":1,"column":0},"end":{"line":1,"column":35}},"1":{"start":{"line":2,"column":0},"end":{"line":2,"column":54}},"2":{"start":{"line":4,"column":15},"end":{"line":15,"column":2}},"3":{"start":{"line":17,"column":13},"end":{"line":20,"column":3}},"4":{"start":{"line":22,"column":13},"end":{"line":22,"column":47}},"5":{"start":{"line":23,"column":13},"end":{"line":23,"column":41}}},"fnMap":{},"branchMap":{},"s":{"0":12,"1":12,"2":12,"3":12,"4":12,"5":12},"f":{},"b":{}}
,"D:\\All Projects\\goshop\\backend\\src\\config\\prisma-client.ts": {"path":"D:\\All Projects\\goshop\\backend\\src\\config\\prisma-client.ts","statementMap":{"0":{"start":{"line":1,"column":0},"end":{"line":1,"column":46}},"1":{"start":{"line":8,"column":0},"end":{"line":19,"column":null}},"2":{"start":{"line":9,"column":4},"end":{"line":11,"column":7}},"3":{"start":{"line":13,"column":4},"end":{"line":17,"column":null}},"4":{"start":{"line":14,"column":8},"end":{"line":16,"column":11}},"5":{"start":{"line":18,"column":4},"end":{"line":18,"column":27}},"6":{"start":{"line":21,"column":0},"end":{"line":21,"column":22}}},"fnMap":{},"branchMap":{"0":{"loc":{"start":{"line":8,"column":0},"end":{"line":19,"column":null}},"type":"if","locations":[{"start":{"line":8,"column":0},"end":{"line":19,"column":null}},{"start":{"line":12,"column":7},"end":{"line":19,"column":null}}]},"1":{"loc":{"start":{"line":13,"column":4},"end":{"line":17,"column":null}},"type":"if","locations":[{"start":{"line":13,"column":4},"end":{"line":17,"column":null}}]}},"s":{"0":43,"1":43,"2":0,"3":43,"4":3,"5":43,"6":43},"f":{},"b":{"0":[0,43],"1":[3]}}
,"D:\\All Projects\\goshop\\backend\\src\\config\\stripe.ts": {"path":"D:\\All Projects\\goshop\\backend\\src\\config\\stripe.ts","statementMap":{"0":{"start":{"line":1,"column":0},"end":{"line":1,"column":28}},"1":{"start":{"line":2,"column":15},"end":{"line":5,"column":2}},"2":{"start":{"line":7,"column":0},"end":{"line":7,"column":22}}},"fnMap":{},"branchMap":{"0":{"loc":{"start":{"line":2,"column":26},"end":{"line":2,"column":61}},"type":"binary-expr","locations":[{"start":{"line":2,"column":26},"end":{"line":2,"column":55}},{"start":{"line":2,"column":59},"end":{"line":2,"column":61}}]}},"s":{"0":24,"1":24,"2":24},"f":{},"b":{"0":[24,7]}}
,"D:\\All Projects\\goshop\\backend\\src\\controllers\\auth.ts": {"path":"D:\\All Projects\\goshop\\backend\\src\\controllers\\auth.ts","statementMap":{"0":{"start":{"line":2,"column":0},"end":{"line":2,"column":42}},"1":{"start":{"line":3,"column":0},"end":{"line":3,"column":45}},"2":{"start":{"line":5,"column":24},"end":{"line":63,"column":2}},"3":{"start":{"line":5,"column":82},"end":{"line":63,"column":2}},"4":{"start":{"line":6,"column":4},"end":{"line":62,"column":null}},"5":{"start":{"line":7,"column":55},"end":{"line":7,"column":63}},"6":{"start":{"line":10,"column":8},"end":{"line":12,"column":null}},"7":{"start":{"line":11,"column":12},"end":{"line":11,"column":107}},"8":{"start":{"line":13,"column":8},"end":{"line":15,"column":null}},"9":{"start":{"line":14,"column":12},"end":{"line":14,"column":95}},"10":{"start":{"line":16,"column":27},"end":{"line":16,"column":55}},"11":{"start":{"line":17,"column":8},"end":{"line":19,"column":null}},"12":{"start":{"line":18,"column":12},"end":{"line":18,"column":77}},"13":{"start":{"line":24,"column":29},"end":{"line":24,"column":71}},"14":{"start":{"line":28,"column":8},"end":{"line":30,"column":11}},"15":{"start":{"line":33,"column":21},"end":{"line":33,"column":47}},"16":{"start":{"line":34,"column":8},"end":{"line":41,"column":11}},"17":{"start":{"line":44,"column":22},"end":{"line":44,"column":68}},"18":{"start":{"line":45,"column":8},"end":{"line":45,"column":67}},"19":{"start":{"line":47,"column":8},"end":{"line":47,"column":40}},"20":{"start":{"line":50,"column":8},"end":{"line":50,"column":68}},"21":{"start":{"line":51,"column":22},"end":{"line":51,"column":73}},"22":{"start":{"line":52,"column":8},"end":{"line":60,"column":null}},"23":{"start":{"line":53,"column":12},"end":{"line":53,"column":45}},"24":{"start":{"line":54,"column":15},"end":{"line":60,"column":null}},"25":{"start":{"line":55,"column":12},"end":{"line":55,"column":61}},"26":{"start":{"line":56,"column":15},"end":{"line":60,"column":null}},"27":{"start":{"line":57,"column":12},"end":{"line":57,"column":45}},"28":{"start":{"line":58,"column":15},"end":{"line":60,"column":null}},"29":{"start":{"line":59,"column":12},"end":{"line":59,"column":98}},"30":{"start":{"line":61,"column":8},"end":{"line":61,"column":33}},"31":{"start":{"line":5,"column":13},"end":{"line":5,"column":24}},"32":{"start":{"line":65,"column":34},"end":{"line":79,"column":2}},"33":{"start":{"line":65,"column":92},"end":{"line":79,"column":2}},"34":{"start":{"line":66,"column":4},"end":{"line":78,"column":null}},"35":{"start":{"line":67,"column":48},"end":{"line":67,"column":56}},"36":{"start":{"line":68,"column":21},"end":{"line":74,"column":10}},"37":{"start":{"line":75,"column":8},"end":{"line":75,"column":35}},"38":{"start":{"line":77,"column":8},"end":{"line":77,"column":74}},"39":{"start":{"line":65,"column":13},"end":{"line":65,"column":34}}},"fnMap":{"0":{"name":"(anonymous_8)","decl":{"start":{"line":5,"column":24},"end":{"line":5,"column":31}},"loc":{"start":{"line":5,"column":82},"end":{"line":63,"column":2}}},"1":{"name":"(anonymous_9)","decl":{"start":{"line":5,"column":82},"end":{"line":5,"column":null}},"loc":{"start":{"line":5,"column":82},"end":{"line":63,"column":1}}},"2":{"name":"(anonymous_10)","decl":{"start":{"line":65,"column":34},"end":{"line":65,"column":41}},"loc":{"start":{"line":65,"column":92},"end":{"line":79,"column":2}}},"3":{"name":"(anonymous_11)","decl":{"start":{"line":65,"column":92},"end":{"line":65,"column":null}},"loc":{"start":{"line":65,"column":92},"end":{"line":79,"column":1}}}},"branchMap":{"0":{"loc":{"start":{"line":10,"column":8},"end":{"line":12,"column":null}},"type":"if","locations":[{"start":{"line":10,"column":8},"end":{"line":12,"column":null}}]},"1":{"loc":{"start":{"line":10,"column":12},"end":{"line":10,"column":44}},"type":"binary-expr","locations":[{"start":{"line":10,"column":12},"end":{"line":10,"column":18}},{"start":{"line":10,"column":22},"end":{"line":10,"column":31}},{"start":{"line":10,"column":35},"end":{"line":10,"column":44}}]},"2":{"loc":{"start":{"line":13,"column":8},"end":{"line":15,"column":null}},"type":"if","locations":[{"start":{"line":13,"column":8},"end":{"line":15,"column":null}}]},"3":{"loc":{"start":{"line":17,"column":8},"end":{"line":19,"column":null}},"type":"if","locations":[{"start":{"line":17,"column":8},"end":{"line":19,"column":null}}]},"4":{"loc":{"start":{"line":33,"column":21},"end":{"line":33,"column":47}},"type":"cond-expr","locations":[{"start":{"line":33,"column":31},"end":{"line":33,"column":38}},{"start":{"line":33,"column":41},"end":{"line":33,"column":47}}]},"5":{"loc":{"start":{"line":52,"column":8},"end":{"line":60,"column":null}},"type":"if","locations":[{"start":{"line":52,"column":8},"end":{"line":60,"column":null}},{"start":{"line":54,"column":15},"end":{"line":60,"column":null}}]},"6":{"loc":{"start":{"line":54,"column":15},"end":{"line":60,"column":null}},"type":"if","locations":[{"start":{"line":54,"column":15},"end":{"line":60,"column":null}},{"start":{"line":56,"column":15},"end":{"line":60,"column":null}}]},"7":{"loc":{"start":{"line":56,"column":15},"end":{"line":60,"column":null}},"type":"if","locations":[{"start":{"line":56,"column":15},"end":{"line":60,"column":null}},{"start":{"line":58,"column":15},"end":{"line":60,"column":null}}]},"8":{"loc":{"start":{"line":58,"column":15},"end":{"line":60,"column":null}},"type":"if","locations":[{"start":{"line":58,"column":15},"end":{"line":60,"column":null}}]}},"s":{"0":15,"1":15,"2":15,"3":8,"4":8,"5":8,"6":8,"7":1,"8":7,"9":1,"10":6,"11":6,"12":1,"13":5,"14":1,"15":1,"16":1,"17":1,"18":1,"19":1,"20":4,"21":4,"22":4,"23":1,"24":3,"25":1,"26":2,"27":1,"28":1,"29":1,"30":4,"31":15,"32":15,"33":0,"34":0,"35":0,"36":0,"37":0,"38":0,"39":15},"f":{"0":8,"1":8,"2":0,"3":0},"b":{"0":[1],"1":[8,7,7],"2":[1],"3":[1],"4":[0,1],"5":[1,3],"6":[1,2],"7":[1,1],"8":[1]}}
,"D:\\All Projects\\goshop\\backend\\src\\controllers\\checkout.ts": {"path":"D:\\All Projects\\goshop\\backend\\src\\controllers\\checkout.ts","statementMap":{"0":{"start":{"line":1,"column":0},"end":{"line":1,"column":38}},"1":{"start":{"line":2,"column":0},"end":{"line":2,"column":45}},"2":{"start":{"line":5,"column":34},"end":{"line":12,"column":2}},"3":{"start":{"line":5,"column":92},"end":{"line":12,"column":2}},"4":{"start":{"line":6,"column":4},"end":{"line":11,"column":null}},"5":{"start":{"line":7,"column":24},"end":{"line":7,"column":78}},"6":{"start":{"line":8,"column":8},"end":{"line":8,"column":38}},"7":{"start":{"line":10,"column":8},"end":{"line":10,"column":76}},"8":{"start":{"line":5,"column":13},"end":{"line":5,"column":34}},"9":{"start":{"line":14,"column":32},"end":{"line":29,"column":2}},"10":{"start":{"line":14,"column":90},"end":{"line":29,"column":2}},"11":{"start":{"line":15,"column":4},"end":{"line":28,"column":null}},"12":{"start":{"line":16,"column":26},"end":{"line":16,"column":85}},"13":{"start":{"line":17,"column":22},"end":{"line":24,"column":11}},"14":{"start":{"line":17,"column":78},"end":{"line":24,"column":10}},"15":{"start":{"line":18,"column":28},"end":{"line":22,"column":14}},"16":{"start":{"line":23,"column":12},"end":{"line":23,"column":75}},"17":{"start":{"line":25,"column":8},"end":{"line":25,"column":36}},"18":{"start":{"line":27,"column":8},"end":{"line":27,"column":74}},"19":{"start":{"line":14,"column":13},"end":{"line":14,"column":32}},"20":{"start":{"line":31,"column":37},"end":{"line":91,"column":2}},"21":{"start":{"line":31,"column":95},"end":{"line":91,"column":2}},"22":{"start":{"line":32,"column":4},"end":{"line":90,"column":null}},"23":{"start":{"line":33,"column":24},"end":{"line":35,"column":67}},"24":{"start":{"line":36,"column":27},"end":{"line":36,"column":81}},"25":{"start":{"line":37,"column":26},"end":{"line":37,"column":54}},"26":{"start":{"line":40,"column":30},"end":{"line":40,"column":54}},"27":{"start":{"line":41,"column":8},"end":{"line":55,"column":null}},"28":{"start":{"line":42,"column":12},"end":{"line":51,"column":null}},"29":{"start":{"line":43,"column":32},"end":{"line":43,"column":69}},"30":{"start":{"line":44,"column":28},"end":{"line":44,"column":54}},"31":{"start":{"line":45,"column":16},"end":{"line":45,"column":47}},"32":{"start":{"line":45,"column":38},"end":{"line":45,"column":47}},"33":{"start":{"line":46,"column":32},"end":{"line":46,"column":87}},"34":{"start":{"line":47,"column":16},"end":{"line":47,"column":113}},"35":{"start":{"line":47,"column":30},"end":{"line":47,"column":113}},"36":{"start":{"line":48,"column":16},"end":{"line":50,"column":null}},"37":{"start":{"line":49,"column":20},"end":{"line":49,"column":103}},"38":{"start":{"line":53,"column":12},"end":{"line":53,"column":56}},"39":{"start":{"line":54,"column":12},"end":{"line":54,"column":81}},"40":{"start":{"line":58,"column":8},"end":{"line":62,"column":11}},"41":{"start":{"line":64,"column":24},"end":{"line":77,"column":10}},"42":{"start":{"line":79,"column":8},"end":{"line":82,"column":11}},"43":{"start":{"line":84,"column":8},"end":{"line":84,"column":78}},"44":{"start":{"line":86,"column":8},"end":{"line":88,"column":null}},"45":{"start":{"line":87,"column":12},"end":{"line":87,"column":136}},"46":{"start":{"line":89,"column":8},"end":{"line":89,"column":74}},"47":{"start":{"line":31,"column":13},"end":{"line":31,"column":37}}},"fnMap":{"0":{"name":"(anonymous_8)","decl":{"start":{"line":5,"column":34},"end":{"line":5,"column":41}},"loc":{"start":{"line":5,"column":92},"end":{"line":12,"column":2}}},"1":{"name":"(anonymous_9)","decl":{"start":{"line":5,"column":92},"end":{"line":5,"column":null}},"loc":{"start":{"line":5,"column":92},"end":{"line":12,"column":1}}},"2":{"name":"(anonymous_10)","decl":{"start":{"line":14,"column":32},"end":{"line":14,"column":39}},"loc":{"start":{"line":14,"column":90},"end":{"line":29,"column":2}}},"3":{"name":"(anonymous_11)","decl":{"start":{"line":14,"column":90},"end":{"line":14,"column":null}},"loc":{"start":{"line":14,"column":90},"end":{"line":29,"column":1}}},"4":{"name":"(anonymous_12)","decl":{"start":{"line":17,"column":59},"end":{"line":17,"column":66}},"loc":{"start":{"line":17,"column":78},"end":{"line":24,"column":10}}},"5":{"name":"(anonymous_13)","decl":{"start":{"line":17,"column":78},"end":{"line":17,"column":null}},"loc":{"start":{"line":17,"column":78},"end":{"line":24,"column":9}}},"6":{"name":"(anonymous_14)","decl":{"start":{"line":31,"column":37},"end":{"line":31,"column":44}},"loc":{"start":{"line":31,"column":95},"end":{"line":91,"column":2}}},"7":{"name":"(anonymous_15)","decl":{"start":{"line":31,"column":95},"end":{"line":31,"column":null}},"loc":{"start":{"line":31,"column":95},"end":{"line":91,"column":1}}}},"branchMap":{"0":{"loc":{"start":{"line":20,"column":29},"end":{"line":20,"column":47}},"type":"cond-expr","locations":[{"start":{"line":20,"column":43},"end":{"line":20,"column":45}},{"start":{"line":20,"column":43},"end":{"line":20,"column":47}}]},"1":{"loc":{"start":{"line":20,"column":29},"end":{"line":20,"column":45}},"type":"binary-expr","locations":[{"start":{"line":20,"column":29},"end":{"line":20,"column":45}},{"start":{"line":20,"column":43},"end":{"line":20,"column":45}}]},"2":{"loc":{"start":{"line":23,"column":32},"end":{"line":23,"column":43}},"type":"cond-expr","locations":[{"start":{"line":23,"column":39},"end":{"line":23,"column":41}},{"start":{"line":23,"column":32},"end":{"line":23,"column":43}}]},"3":{"loc":{"start":{"line":23,"column":32},"end":{"line":23,"column":41}},"type":"binary-expr","locations":[{"start":{"line":23,"column":32},"end":{"line":23,"column":41}},{"start":{"line":23,"column":32},"end":{"line":23,"column":41}}]},"4":{"loc":{"start":{"line":33,"column":24},"end":{"line":35,"column":67}},"type":"cond-expr","locations":[{"start":{"line":34,"column":15},"end":{"line":34,"column":67}},{"start":{"line":35,"column":15},"end":{"line":35,"column":66}}]},"5":{"loc":{"start":{"line":34,"column":15},"end":{"line":34,"column":67}},"type":"binary-expr","locations":[{"start":{"line":34,"column":15},"end":{"line":34,"column":39}},{"start":{"line":34,"column":43},"end":{"line":34,"column":67}}]},"6":{"loc":{"start":{"line":35,"column":15},"end":{"line":35,"column":66}},"type":"binary-expr","locations":[{"start":{"line":35,"column":15},"end":{"line":35,"column":39}},{"start":{"line":35,"column":43},"end":{"line":35,"column":66}}]},"7":{"loc":{"start":{"line":40,"column":30},"end":{"line":40,"column":54}},"type":"binary-expr","locations":[{"start":{"line":40,"column":30},"end":{"line":40,"column":48}},{"start":{"line":40,"column":52},"end":{"line":40,"column":54}}]},"8":{"loc":{"start":{"line":43,"column":32},"end":{"line":43,"column":69}},"type":"binary-expr","locations":[{"start":{"line":43,"column":32},"end":{"line":43,"column":40}},{"start":{"line":43,"column":44},"end":{"line":43,"column":54}},{"start":{"line":43,"column":58},"end":{"line":43,"column":69}}]},"9":{"loc":{"start":{"line":44,"column":28},"end":{"line":44,"column":54}},"type":"binary-expr","locations":[{"start":{"line":44,"column":28},"end":{"line":44,"column":39}},{"start":{"line":44,"column":43},"end":{"line":44,"column":49}},{"start":{"line":44,"column":53},"end":{"line":44,"column":54}}]},"10":{"loc":{"start":{"line":45,"column":16},"end":{"line":45,"column":47}},"type":"if","locations":[{"start":{"line":45,"column":16},"end":{"line":45,"column":47}}]},"11":{"loc":{"start":{"line":45,"column":20},"end":{"line":45,"column":36}},"type":"binary-expr","locations":[{"start":{"line":45,"column":20},"end":{"line":45,"column":28}},{"start":{"line":45,"column":32},"end":{"line":45,"column":36}}]},"12":{"loc":{"start":{"line":47,"column":16},"end":{"line":47,"column":113}},"type":"if","locations":[{"start":{"line":47,"column":16},"end":{"line":47,"column":113}}]},"13":{"loc":{"start":{"line":48,"column":16},"end":{"line":50,"column":null}},"type":"if","locations":[{"start":{"line":48,"column":16},"end":{"line":50,"column":null}}]},"14":{"loc":{"start":{"line":71,"column":28},"end":{"line":71,"column":55}},"type":"binary-expr","locations":[{"start":{"line":71,"column":28},"end":{"line":71,"column":42}},{"start":{"line":71,"column":46},"end":{"line":71,"column":55}}]},"15":{"loc":{"start":{"line":73,"column":28},"end":{"line":73,"column":49}},"type":"binary-expr","locations":[{"start":{"line":73,"column":28},"end":{"line":73,"column":43}},{"start":{"line":73,"column":47},"end":{"line":73,"column":49}}]},"16":{"loc":{"start":{"line":75,"column":26},"end":{"line":75,"column":48}},"type":"binary-expr","locations":[{"start":{"line":75,"column":26},"end":{"line":75,"column":42}},{"start":{"line":75,"column":46},"end":{"line":75,"column":48}}]},"17":{"loc":{"start":{"line":84,"column":49},"end":{"line":84,"column":60}},"type":"cond-expr","locations":[{"start":{"line":84,"column":54},"end":{"line":84,"column":56}},{"start":{"line":84,"column":49},"end":{"line":84,"column":60}}]},"18":{"loc":{"start":{"line":84,"column":49},"end":{"line":84,"column":56}},"type":"binary-expr","locations":[{"start":{"line":84,"column":49},"end":{"line":84,"column":56}},{"start":{"line":84,"column":49},"end":{"line":84,"column":56}}]},"19":{"loc":{"start":{"line":84,"column":62},"end":{"line":84,"column":76}},"type":"cond-expr","locations":[{"start":{"line":84,"column":67},"end":{"line":84,"column":69}},{"start":{"line":84,"column":62},"end":{"line":84,"column":76}}]},"20":{"loc":{"start":{"line":84,"column":62},"end":{"line":84,"column":69}},"type":"binary-expr","locations":[{"start":{"line":84,"column":62},"end":{"line":84,"column":69}},{"start":{"line":84,"column":62},"end":{"line":84,"column":69}}]},"21":{"loc":{"start":{"line":86,"column":8},"end":{"line":88,"column":null}},"type":"if","locations":[{"start":{"line":86,"column":8},"end":{"line":88,"column":null}}]},"22":{"loc":{"start":{"line":87,"column":99},"end":{"line":87,"column":113}},"type":"cond-expr","locations":[{"start":{"line":87,"column":104},"end":{"line":87,"column":106}},{"start":{"line":87,"column":99},"end":{"line":87,"column":113}}]},"23":{"loc":{"start":{"line":87,"column":99},"end":{"line":87,"column":106}},"type":"binary-expr","locations":[{"start":{"line":87,"column":99},"end":{"line":87,"column":106}},{"start":{"line":87,"column":99},"end":{"line":87,"column":106}}]},"24":{"loc":{"start":{"line":87,"column":121},"end":{"line":87,"column":132}},"type":"cond-expr","locations":[{"start":{"line":87,"column":126},"end":{"line":87,"column":128}},{"start":{"line":87,"column":121},"end":{"line":87,"column":132}}]},"25":{"loc":{"start":{"line":87,"column":121},"end":{"line":87,"column":128}},"type":"binary-expr","locations":[{"start":{"line":87,"column":121},"end":{"line":87,"column":128}},{"start":{"line":87,"column":121},"end":{"line":87,"column":128}}]}},"s":{"0":8,"1":8,"2":8,"3":2,"4":2,"5":2,"6":1,"7":1,"8":8,"9":8,"10":1,"11":1,"12":1,"13":1,"14":2,"15":2,"16":2,"17":1,"18":0,"19":8,"20":8,"21":5,"22":5,"23":5,"24":5,"25":5,"26":5,"27":5,"28":5,"29":5,"30":5,"31":5,"32":0,"33":5,"34":4,"35":1,"36":3,"37":2,"38":1,"39":1,"40":1,"41":1,"42":1,"43":0,"44":0,"45":0,"46":0,"47":8},"f":{"0":2,"1":2,"2":1,"3":1,"4":2,"5":2,"6":5,"7":5},"b":{"0":[0,2],"1":[2,2],"2":[0,2],"3":[2,2],"4":[0,5],"5":[0,0],"6":[5,0],"7":[5,0],"8":[5,0,0],"9":[5,0,0],"10":[0],"11":[5,5],"12":[1],"13":[2],"14":[1,0],"15":[1,0],"16":[1,0],"17":[0,0],"18":[0,0],"19":[0,0],"20":[0,0],"21":[0],"22":[0,0],"23":[0,0],"24":[0,0],"25":[0,0]}}
,"D:\\All Projects\\goshop\\backend\\src\\controllers\\products.ts": {"path":"D:\\All Projects\\goshop\\backend\\src\\controllers\\products.ts","statementMap":{"0":{"start":{"line":1,"column":0},"end":{"line":1,"column":38}},"1":{"start":{"line":3,"column":0},"end":{"line":3,"column":45}},"2":{"start":{"line":6,"column":14},"end":{"line":8,"column":1}},"3":{"start":{"line":7,"column":4},"end":{"line":7,"column":64}},"4":{"start":{"line":10,"column":30},"end":{"line":26,"column":2}},"5":{"start":{"line":10,"column":68},"end":{"line":26,"column":2}},"6":{"start":{"line":11,"column":21},"end":{"line":19,"column":6}},"7":{"start":{"line":21,"column":4},"end":{"line":23,"column":null}},"8":{"start":{"line":22,"column":8},"end":{"line":22,"column":71}},"9":{"start":{"line":25,"column":4},"end":{"line":25,"column":35}},"10":{"start":{"line":10,"column":13},"end":{"line":10,"column":30}},"11":{"start":{"line":29,"column":35},"end":{"line":35,"column":2}},"12":{"start":{"line":29,"column":73},"end":{"line":35,"column":2}},"13":{"start":{"line":30,"column":21},"end":{"line":33,"column":6}},"14":{"start":{"line":34,"column":4},"end":{"line":34,"column":35}},"15":{"start":{"line":29,"column":13},"end":{"line":29,"column":35}},"16":{"start":{"line":37,"column":30},"end":{"line":48,"column":2}},"17":{"start":{"line":37,"column":68},"end":{"line":48,"column":2}},"18":{"start":{"line":38,"column":20},"end":{"line":41,"column":6}},"19":{"start":{"line":43,"column":4},"end":{"line":45,"column":null}},"20":{"start":{"line":44,"column":8},"end":{"line":44,"column":70}},"21":{"start":{"line":47,"column":4},"end":{"line":47,"column":34}},"22":{"start":{"line":37,"column":13},"end":{"line":37,"column":30}},"23":{"start":{"line":50,"column":33},"end":{"line":78,"column":2}},"24":{"start":{"line":50,"column":91},"end":{"line":78,"column":2}},"25":{"start":{"line":51,"column":4},"end":{"line":77,"column":null}},"26":{"start":{"line":52,"column":30},"end":{"line":52,"column":38}},"27":{"start":{"line":53,"column":8},"end":{"line":55,"column":null}},"28":{"start":{"line":54,"column":12},"end":{"line":54,"column":44}},"29":{"start":{"line":56,"column":25},"end":{"line":69,"column":10}},"30":{"start":{"line":70,"column":8},"end":{"line":72,"column":null}},"31":{"start":{"line":71,"column":12},"end":{"line":71,"column":75}},"32":{"start":{"line":74,"column":8},"end":{"line":74,"column":39}},"33":{"start":{"line":76,"column":8},"end":{"line":76,"column":66}},"34":{"start":{"line":50,"column":13},"end":{"line":50,"column":33}},"35":{"start":{"line":81,"column":37},"end":{"line":96,"column":2}},"36":{"start":{"line":81,"column":75},"end":{"line":96,"column":2}},"37":{"start":{"line":82,"column":21},"end":{"line":90,"column":6}},"38":{"start":{"line":91,"column":4},"end":{"line":93,"column":null}},"39":{"start":{"line":92,"column":8},"end":{"line":92,"column":71}},"40":{"start":{"line":95,"column":4},"end":{"line":95,"column":35}},"41":{"start":{"line":81,"column":13},"end":{"line":81,"column":37}},"42":{"start":{"line":98,"column":29},"end":{"line":147,"column":2}},"43":{"start":{"line":98,"column":87},"end":{"line":147,"column":2}},"44":{"start":{"line":99,"column":4},"end":{"line":146,"column":null}},"45":{"start":{"line":100,"column":18},"end":{"line":100,"column":40}},"46":{"start":{"line":102,"column":23},"end":{"line":102,"column":38}},"47":{"start":{"line":103,"column":35},"end":{"line":110,"column":10}},"48":{"start":{"line":111,"column":4},"end":{"line":111,"column":62}},"49":{"start":{"line":111,"column":31},"end":{"line":111,"column":62}},"50":{"start":{"line":112,"column":30},"end":{"line":112,"column":73}},"51":{"start":{"line":114,"column":27},"end":{"line":140,"column":10}},"52":{"start":{"line":142,"column":8},"end":{"line":142,"column":41}},"53":{"start":{"line":144,"column":8},"end":{"line":144,"column":52}},"54":{"start":{"line":145,"column":8},"end":{"line":145,"column":84}},"55":{"start":{"line":98,"column":13},"end":{"line":98,"column":29}},"56":{"start":{"line":149,"column":29},"end":{"line":244,"column":2}},"57":{"start":{"line":149,"column":87},"end":{"line":244,"column":2}},"58":{"start":{"line":150,"column":4},"end":{"line":243,"column":null}},"59":{"start":{"line":151,"column":29},"end":{"line":155,"column":10}},"60":{"start":{"line":157,"column":8},"end":{"line":159,"column":null}},"61":{"start":{"line":158,"column":12},"end":{"line":158,"column":74}},"62":{"start":{"line":161,"column":22},"end":{"line":161,"column":66}},"63":{"start":{"line":163,"column":27},"end":{"line":163,"column":64}},"64":{"start":{"line":165,"column":30},"end":{"line":165,"column":45}},"65":{"start":{"line":166,"column":45},"end":{"line":166,"column":54}},"66":{"start":{"line":169,"column":8},"end":{"line":194,"column":null}},"67":{"start":{"line":170,"column":39},"end":{"line":173,"column":14}},"68":{"start":{"line":174,"column":12},"end":{"line":174,"column":70}},"69":{"start":{"line":174,"column":39},"end":{"line":174,"column":70}},"70":{"start":{"line":175,"column":12},"end":{"line":175,"column":73}},"71":{"start":{"line":178,"column":12},"end":{"line":193,"column":null}},"72":{"start":{"line":179,"column":16},"end":{"line":179,"column":146}},"73":{"start":{"line":180,"column":45},"end":{"line":187,"column":null}},"74":{"start":{"line":189,"column":16},"end":{"line":189,"column":58}},"75":{"start":{"line":190,"column":16},"end":{"line":190,"column":74}},"76":{"start":{"line":192,"column":16},"end":{"line":192,"column":26}},"77":{"start":{"line":197,"column":8},"end":{"line":210,"column":null}},"78":{"start":{"line":198,"column":35},"end":{"line":198,"column":79}},"79":{"start":{"line":199,"column":12},"end":{"line":206,"column":null}},"80":{"start":{"line":200,"column":33},"end":{"line":204,"column":18}},"81":{"start":{"line":205,"column":16},"end":{"line":205,"column":41}},"82":{"start":{"line":209,"column":12},"end":{"line":209,"column":22}},"83":{"start":{"line":213,"column":34},"end":{"line":230,"column":17}},"84":{"start":{"line":231,"column":8},"end":{"line":231,"column":58}},"85":{"start":{"line":231,"column":24},"end":{"line":231,"column":58}},"86":{"start":{"line":232,"column":8},"end":{"line":232,"column":83}},"87":{"start":{"line":232,"column":49},"end":{"line":232,"column":83}},"88":{"start":{"line":234,"column":31},"end":{"line":237,"column":10}},"89":{"start":{"line":239,"column":8},"end":{"line":239,"column":45}},"90":{"start":{"line":241,"column":8},"end":{"line":241,"column":52}},"91":{"start":{"line":242,"column":8},"end":{"line":242,"column":84}},"92":{"start":{"line":149,"column":13},"end":{"line":149,"column":29}},"93":{"start":{"line":246,"column":29},"end":{"line":262,"column":2}},"94":{"start":{"line":246,"column":87},"end":{"line":262,"column":2}},"95":{"start":{"line":247,"column":4},"end":{"line":261,"column":null}},"96":{"start":{"line":248,"column":25},"end":{"line":248,"column":90}},"97":{"start":{"line":249,"column":8},"end":{"line":249,"column":85}},"98":{"start":{"line":249,"column":23},"end":{"line":249,"column":85}},"99":{"start":{"line":251,"column":24},"end":{"line":254,"column":10}},"100":{"start":{"line":257,"column":8},"end":{"line":257,"column":88}},"101":{"start":{"line":257,"column":14},"end":{"line":257,"column":77}},"102":{"start":{"line":258,"column":8},"end":{"line":258,"column":38}},"103":{"start":{"line":260,"column":8},"end":{"line":260,"column":65}},"104":{"start":{"line":246,"column":13},"end":{"line":246,"column":29}},"105":{"start":{"line":265,"column":32},"end":{"line":284,"column":2}},"106":{"start":{"line":265,"column":90},"end":{"line":284,"column":2}},"107":{"start":{"line":266,"column":4},"end":{"line":283,"column":null}},"108":{"start":{"line":267,"column":27},"end":{"line":267,"column":71}},"109":{"start":{"line":268,"column":8},"end":{"line":270,"column":null}},"110":{"start":{"line":269,"column":12},"end":{"line":269,"column":94}},"111":{"start":{"line":271,"column":25},"end":{"line":271,"column":90}},"112":{"start":{"line":272,"column":8},"end":{"line":272,"column":85}},"113":{"start":{"line":272,"column":23},"end":{"line":272,"column":85}},"114":{"start":{"line":273,"column":24},"end":{"line":273,"column":118}},"115":{"start":{"line":274,"column":8},"end":{"line":279,"column":18}},"116":{"start":{"line":276,"column":12},"end":{"line":278,"column":null}},"117":{"start":{"line":277,"column":16},"end":{"line":277,"column":79}},"118":{"start":{"line":280,"column":8},"end":{"line":280,"column":38}},"119":{"start":{"line":282,"column":8},"end":{"line":282,"column":65}},"120":{"start":{"line":265,"column":13},"end":{"line":265,"column":32}},"121":{"start":{"line":287,"column":33},"end":{"line":306,"column":2}},"122":{"start":{"line":287,"column":91},"end":{"line":306,"column":2}},"123":{"start":{"line":288,"column":4},"end":{"line":305,"column":null}},"124":{"start":{"line":289,"column":80},"end":{"line":294,"column":10}},"125":{"start":{"line":296,"column":27},"end":{"line":296,"column":65}},"126":{"start":{"line":297,"column":8},"end":{"line":302,"column":11}},"127":{"start":{"line":304,"column":8},"end":{"line":304,"column":70}},"128":{"start":{"line":287,"column":13},"end":{"line":287,"column":33}}},"fnMap":{"0":{"name":"(anonymous_8)","decl":{"start":{"line":6,"column":14},"end":{"line":6,"column":15}},"loc":{"start":{"line":6,"column":36},"end":{"line":8,"column":1}}},"1":{"name":"(anonymous_9)","decl":{"start":{"line":10,"column":30},"end":{"line":10,"column":37}},"loc":{"start":{"line":10,"column":68},"end":{"line":26,"column":2}}},"2":{"name":"(anonymous_10)","decl":{"start":{"line":10,"column":68},"end":{"line":10,"column":null}},"loc":{"start":{"line":10,"column":68},"end":{"line":26,"column":1}}},"3":{"name":"(anonymous_11)","decl":{"start":{"line":29,"column":35},"end":{"line":29,"column":42}},"loc":{"start":{"line":29,"column":73},"end":{"line":35,"column":2}}},"4":{"name":"(anonymous_12)","decl":{"start":{"line":29,"column":73},"end":{"line":29,"column":null}},"loc":{"start":{"line":29,"column":73},"end":{"line":35,"column":1}}},"5":{"name":"(anonymous_13)","decl":{"start":{"line":37,"column":30},"end":{"line":37,"column":37}},"loc":{"start":{"line":37,"column":68},"end":{"line":48,"column":2}}},"6":{"name":"(anonymous_14)","decl":{"start":{"line":37,"column":68},"end":{"line":37,"column":null}},"loc":{"start":{"line":37,"column":68},"end":{"line":48,"column":1}}},"7":{"name":"(anonymous_15)","decl":{"start":{"line":50,"column":33},"end":{"line":50,"column":40}},"loc":{"start":{"line":50,"column":91},"end":{"line":78,"column":2}}},"8":{"name":"(anonymous_16)","decl":{"start":{"line":50,"column":91},"end":{"line":50,"column":null}},"loc":{"start":{"line":50,"column":91},"end":{"line":78,"column":1}}},"9":{"name":"(anonymous_17)","decl":{"start":{"line":81,"column":37},"end":{"line":81,"column":44}},"loc":{"start":{"line":81,"column":75},"end":{"line":96,"column":2}}},"10":{"name":"(anonymous_18)","decl":{"start":{"line":81,"column":75},"end":{"line":81,"column":null}},"loc":{"start":{"line":81,"column":75},"end":{"line":96,"column":1}}},"11":{"name":"(anonymous_19)","decl":{"start":{"line":98,"column":29},"end":{"line":98,"column":36}},"loc":{"start":{"line":98,"column":87},"end":{"line":147,"column":2}}},"12":{"name":"(anonymous_20)","decl":{"start":{"line":98,"column":87},"end":{"line":98,"column":null}},"loc":{"start":{"line":98,"column":87},"end":{"line":147,"column":1}}},"13":{"name":"(anonymous_21)","decl":{"start":{"line":149,"column":29},"end":{"line":149,"column":36}},"loc":{"start":{"line":149,"column":87},"end":{"line":244,"column":2}}},"14":{"name":"(anonymous_22)","decl":{"start":{"line":149,"column":87},"end":{"line":149,"column":null}},"loc":{"start":{"line":149,"column":87},"end":{"line":244,"column":1}}},"15":{"name":"(anonymous_23)","decl":{"start":{"line":246,"column":29},"end":{"line":246,"column":36}},"loc":{"start":{"line":246,"column":87},"end":{"line":262,"column":2}}},"16":{"name":"(anonymous_24)","decl":{"start":{"line":246,"column":87},"end":{"line":246,"column":null}},"loc":{"start":{"line":246,"column":87},"end":{"line":262,"column":1}}},"17":{"name":"(anonymous_25)","decl":{"start":{"line":265,"column":32},"end":{"line":265,"column":39}},"loc":{"start":{"line":265,"column":90},"end":{"line":284,"column":2}}},"18":{"name":"(anonymous_26)","decl":{"start":{"line":265,"column":90},"end":{"line":265,"column":null}},"loc":{"start":{"line":265,"column":90},"end":{"line":284,"column":1}}},"19":{"name":"(anonymous_27)","decl":{"start":{"line":287,"column":33},"end":{"line":287,"column":40}},"loc":{"start":{"line":287,"column":91},"end":{"line":306,"column":2}}},"20":{"name":"(anonymous_28)","decl":{"start":{"line":287,"column":91},"end":{"line":287,"column":null}},"loc":{"start":{"line":287,"column":91},"end":{"line":306,"column":1}}}},"branchMap":{"0":{"loc":{"start":{"line":7,"column":11},"end":{"line":7,"column":63}},"type":"binary-expr","locations":[{"start":{"line":7,"column":11},"end":{"line":7,"column":34}},{"start":{"line":7,"column":38},"end":{"line":7,"column":63}}]},"1":{"loc":{"start":{"line":21,"column":4},"end":{"line":23,"column":null}},"type":"if","locations":[{"start":{"line":21,"column":4},"end":{"line":23,"column":null}}]},"2":{"loc":{"start":{"line":43,"column":4},"end":{"line":45,"column":null}},"type":"if","locations":[{"start":{"line":43,"column":4},"end":{"line":45,"column":null}}]},"3":{"loc":{"start":{"line":53,"column":8},"end":{"line":55,"column":null}},"type":"if","locations":[{"start":{"line":53,"column":8},"end":{"line":55,"column":null}}]},"4":{"loc":{"start":{"line":53,"column":12},"end":{"line":53,"column":69}},"type":"binary-expr","locations":[{"start":{"line":53,"column":12},"end":{"line":53,"column":34}},{"start":{"line":53,"column":38},"end":{"line":53,"column":69}}]},"5":{"loc":{"start":{"line":70,"column":8},"end":{"line":72,"column":null}},"type":"if","locations":[{"start":{"line":70,"column":8},"end":{"line":72,"column":null}}]},"6":{"loc":{"start":{"line":91,"column":4},"end":{"line":93,"column":null}},"type":"if","locations":[{"start":{"line":91,"column":4},"end":{"line":93,"column":null}}]},"7":{"loc":{"start":{"line":100,"column":18},"end":{"line":100,"column":40}},"type":"binary-expr","locations":[{"start":{"line":100,"column":18},"end":{"line":100,"column":27}},{"start":{"line":100,"column":31},"end":{"line":100,"column":40}}]},"8":{"loc":{"start":{"line":102,"column":23},"end":{"line":102,"column":38}},"type":"binary-expr","locations":[{"start":{"line":102,"column":23},"end":{"line":102,"column":32}},{"start":{"line":102,"column":36},"end":{"line":102,"column":38}}]},"9":{"loc":{"start":{"line":111,"column":4},"end":{"line":111,"column":62}},"type":"if","locations":[{"start":{"line":111,"column":4},"end":{"line":111,"column":62}}]},"10":{"loc":{"start":{"line":111,"column":8},"end":{"line":111,"column":29}},"type":"binary-expr","locations":[{"start":{"line":111,"column":8},"end":{"line":111,"column":13}},{"start":{"line":111,"column":17},"end":{"line":111,"column":29}}]},"11":{"loc":{"start":{"line":124,"column":24},"end":{"line":124,"column":77}},"type":"cond-expr","locations":[{"start":{"line":124,"column":42},"end":{"line":124,"column":65}},{"start":{"line":124,"column":68},"end":{"line":124,"column":77}}]},"12":{"loc":{"start":{"line":125,"column":23},"end":{"line":125,"column":74}},"type":"cond-expr","locations":[{"start":{"line":125,"column":40},"end":{"line":125,"column":62}},{"start":{"line":125,"column":65},"end":{"line":125,"column":74}}]},"13":{"loc":{"start":{"line":126,"column":24},"end":{"line":126,"column":77}},"type":"cond-expr","locations":[{"start":{"line":126,"column":42},"end":{"line":126,"column":65}},{"start":{"line":126,"column":68},"end":{"line":126,"column":77}}]},"14":{"loc":{"start":{"line":127,"column":23},"end":{"line":127,"column":50}},"type":"binary-expr","locations":[{"start":{"line":127,"column":23},"end":{"line":127,"column":37}},{"start":{"line":127,"column":41},"end":{"line":127,"column":50}}]},"15":{"loc":{"start":{"line":128,"column":26},"end":{"line":128,"column":56}},"type":"binary-expr","locations":[{"start":{"line":128,"column":26},"end":{"line":128,"column":43}},{"start":{"line":128,"column":47},"end":{"line":128,"column":56}}]},"16":{"loc":{"start":{"line":157,"column":8},"end":{"line":159,"column":null}},"type":"if","locations":[{"start":{"line":157,"column":8},"end":{"line":159,"column":null}}]},"17":{"loc":{"start":{"line":161,"column":22},"end":{"line":161,"column":66}},"type":"binary-expr","locations":[{"start":{"line":161,"column":22},"end":{"line":161,"column":31}},{"start":{"line":161,"column":35},"end":{"line":161,"column":53}},{"start":{"line":161,"column":57},"end":{"line":161,"column":66}}]},"18":{"loc":{"start":{"line":163,"column":27},"end":{"line":163,"column":64}},"type":"binary-expr","locations":[{"start":{"line":163,"column":27},"end":{"line":163,"column":36}},{"start":{"line":163,"column":40},"end":{"line":163,"column":58}},{"start":{"line":163,"column":62},"end":{"line":163,"column":64}}]},"19":{"loc":{"start":{"line":171,"column":22},"end":{"line":171,"column":57}},"type":"binary-expr","locations":[{"start":{"line":171,"column":22},"end":{"line":171,"column":36}},{"start":{"line":171,"column":40},"end":{"line":171,"column":57}}]},"20":{"loc":{"start":{"line":171,"column":22},"end":{"line":171,"column":36}},"type":"cond-expr","locations":[{"start":{"line":171,"column":30},"end":{"line":171,"column":32}},{"start":{"line":171,"column":30},"end":{"line":171,"column":36}}]},"21":{"loc":{"start":{"line":171,"column":22},"end":{"line":171,"column":32}},"type":"binary-expr","locations":[{"start":{"line":171,"column":22},"end":{"line":171,"column":32}},{"start":{"line":171,"column":30},"end":{"line":171,"column":32}}]},"22":{"loc":{"start":{"line":172,"column":29},"end":{"line":172,"column":78}},"type":"binary-expr","locations":[{"start":{"line":172,"column":29},"end":{"line":172,"column":50}},{"start":{"line":172,"column":54},"end":{"line":172,"column":78}}]},"23":{"loc":{"start":{"line":172,"column":29},"end":{"line":172,"column":50}},"type":"cond-expr","locations":[{"start":{"line":172,"column":37},"end":{"line":172,"column":39}},{"start":{"line":172,"column":37},"end":{"line":172,"column":50}}]},"24":{"loc":{"start":{"line":172,"column":29},"end":{"line":172,"column":39}},"type":"binary-expr","locations":[{"start":{"line":172,"column":29},"end":{"line":172,"column":39}},{"start":{"line":172,"column":37},"end":{"line":172,"column":39}}]},"25":{"loc":{"start":{"line":174,"column":12},"end":{"line":174,"column":70}},"type":"if","locations":[{"start":{"line":174,"column":12},"end":{"line":174,"column":70}}]},"26":{"loc":{"start":{"line":174,"column":16},"end":{"line":174,"column":37}},"type":"binary-expr","locations":[{"start":{"line":174,"column":16},"end":{"line":174,"column":21}},{"start":{"line":174,"column":25},"end":{"line":174,"column":37}}]},"27":{"loc":{"start":{"line":178,"column":12},"end":{"line":193,"column":null}},"type":"if","locations":[{"start":{"line":178,"column":12},"end":{"line":193,"column":null}},{"start":{"line":191,"column":19},"end":{"line":193,"column":null}}]},"28":{"loc":{"start":{"line":178,"column":16},"end":{"line":178,"column":105}},"type":"binary-expr","locations":[{"start":{"line":178,"column":16},"end":{"line":178,"column":19}},{"start":{"line":178,"column":24},"end":{"line":178,"column":64}},{"start":{"line":178,"column":68},"end":{"line":178,"column":104}}]},"29":{"loc":{"start":{"line":178,"column":68},"end":{"line":178,"column":81}},"type":"cond-expr","locations":[{"start":{"line":178,"column":75},"end":{"line":178,"column":77}},{"start":{"line":178,"column":75},"end":{"line":178,"column":81}}]},"30":{"loc":{"start":{"line":178,"column":68},"end":{"line":178,"column":77}},"type":"binary-expr","locations":[{"start":{"line":178,"column":68},"end":{"line":178,"column":77}},{"start":{"line":178,"column":75},"end":{"line":178,"column":77}}]},"31":{"loc":{"start":{"line":179,"column":126},"end":{"line":179,"column":144}},"type":"binary-expr","locations":[{"start":{"line":179,"column":126},"end":{"line":179,"column":137}},{"start":{"line":179,"column":141},"end":{"line":179,"column":144}}]},"32":{"loc":{"start":{"line":181,"column":26},"end":{"line":181,"column":61}},"type":"binary-expr","locations":[{"start":{"line":181,"column":26},"end":{"line":181,"column":40}},{"start":{"line":181,"column":44},"end":{"line":181,"column":61}}]},"33":{"loc":{"start":{"line":181,"column":26},"end":{"line":181,"column":40}},"type":"cond-expr","locations":[{"start":{"line":181,"column":34},"end":{"line":181,"column":36}},{"start":{"line":181,"column":34},"end":{"line":181,"column":40}}]},"34":{"loc":{"start":{"line":181,"column":26},"end":{"line":181,"column":36}},"type":"binary-expr","locations":[{"start":{"line":181,"column":26},"end":{"line":181,"column":36}},{"start":{"line":181,"column":34},"end":{"line":181,"column":36}}]},"35":{"loc":{"start":{"line":182,"column":33},"end":{"line":182,"column":82}},"type":"binary-expr","locations":[{"start":{"line":182,"column":33},"end":{"line":182,"column":54}},{"start":{"line":182,"column":58},"end":{"line":182,"column":82}}]},"36":{"loc":{"start":{"line":182,"column":33},"end":{"line":182,"column":54}},"type":"cond-expr","locations":[{"start":{"line":182,"column":41},"end":{"line":182,"column":43}},{"start":{"line":182,"column":41},"end":{"line":182,"column":54}}]},"37":{"loc":{"start":{"line":182,"column":33},"end":{"line":182,"column":43}},"type":"binary-expr","locations":[{"start":{"line":182,"column":33},"end":{"line":182,"column":43}},{"start":{"line":182,"column":41},"end":{"line":182,"column":43}}]},"38":{"loc":{"start":{"line":185,"column":49},"end":{"line":185,"column":86}},"type":"binary-expr","locations":[{"start":{"line":185,"column":49},"end":{"line":185,"column":64}},{"start":{"line":185,"column":68},"end":{"line":185,"column":86}}]},"39":{"loc":{"start":{"line":185,"column":49},"end":{"line":185,"column":64}},"type":"cond-expr","locations":[{"start":{"line":185,"column":57},"end":{"line":185,"column":59}},{"start":{"line":185,"column":57},"end":{"line":185,"column":64}}]},"40":{"loc":{"start":{"line":185,"column":49},"end":{"line":185,"column":59}},"type":"binary-expr","locations":[{"start":{"line":185,"column":49},"end":{"line":185,"column":59}},{"start":{"line":185,"column":57},"end":{"line":185,"column":59}}]},"41":{"loc":{"start":{"line":187,"column":24},"end":{"line":187,"column":72}},"type":"cond-expr","locations":[{"start":{"line":187,"column":48},"end":{"line":187,"column":67}},{"start":{"line":187,"column":70},"end":{"line":187,"column":72}}]},"42":{"loc":{"start":{"line":187,"column":24},"end":{"line":187,"column":45}},"type":"binary-expr","locations":[{"start":{"line":187,"column":24},"end":{"line":187,"column":29}},{"start":{"line":187,"column":33},"end":{"line":187,"column":45}}]},"43":{"loc":{"start":{"line":198,"column":42},"end":{"line":198,"column":78}},"type":"binary-expr","locations":[{"start":{"line":198,"column":42},"end":{"line":198,"column":56}},{"start":{"line":198,"column":60},"end":{"line":198,"column":78}}]},"44":{"loc":{"start":{"line":199,"column":12},"end":{"line":206,"column":null}},"type":"if","locations":[{"start":{"line":199,"column":12},"end":{"line":206,"column":null}}]},"45":{"loc":{"start":{"line":199,"column":16},"end":{"line":199,"column":89}},"type":"binary-expr","locations":[{"start":{"line":199,"column":16},"end":{"line":199,"column":40}},{"start":{"line":199,"column":44},"end":{"line":199,"column":89}}]},"46":{"loc":{"start":{"line":219,"column":20},"end":{"line":219,"column":73}},"type":"cond-expr","locations":[{"start":{"line":219,"column":38},"end":{"line":219,"column":61}},{"start":{"line":219,"column":64},"end":{"line":219,"column":73}}]},"47":{"loc":{"start":{"line":220,"column":19},"end":{"line":220,"column":70}},"type":"cond-expr","locations":[{"start":{"line":220,"column":36},"end":{"line":220,"column":58}},{"start":{"line":220,"column":61},"end":{"line":220,"column":70}}]},"48":{"loc":{"start":{"line":221,"column":20},"end":{"line":221,"column":73}},"type":"cond-expr","locations":[{"start":{"line":221,"column":38},"end":{"line":221,"column":61}},{"start":{"line":221,"column":64},"end":{"line":221,"column":73}}]},"49":{"loc":{"start":{"line":222,"column":19},"end":{"line":222,"column":46}},"type":"binary-expr","locations":[{"start":{"line":222,"column":19},"end":{"line":222,"column":33}},{"start":{"line":222,"column":37},"end":{"line":222,"column":46}}]},"50":{"loc":{"start":{"line":223,"column":22},"end":{"line":223,"column":52}},"type":"binary-expr","locations":[{"start":{"line":223,"column":22},"end":{"line":223,"column":39}},{"start":{"line":223,"column":43},"end":{"line":223,"column":52}}]},"51":{"loc":{"start":{"line":231,"column":8},"end":{"line":231,"column":58}},"type":"if","locations":[{"start":{"line":231,"column":8},"end":{"line":231,"column":58}}]},"52":{"loc":{"start":{"line":232,"column":8},"end":{"line":232,"column":83}},"type":"if","locations":[{"start":{"line":232,"column":8},"end":{"line":232,"column":83}}]},"53":{"loc":{"start":{"line":249,"column":8},"end":{"line":249,"column":85}},"type":"if","locations":[{"start":{"line":249,"column":8},"end":{"line":249,"column":85}}]},"54":{"loc":{"start":{"line":268,"column":8},"end":{"line":270,"column":null}},"type":"if","locations":[{"start":{"line":268,"column":8},"end":{"line":270,"column":null}}]},"55":{"loc":{"start":{"line":268,"column":12},"end":{"line":268,"column":67}},"type":"binary-expr","locations":[{"start":{"line":268,"column":12},"end":{"line":268,"column":19}},{"start":{"line":268,"column":24},"end":{"line":268,"column":43}},{"start":{"line":268,"column":47},"end":{"line":268,"column":66}}]},"56":{"loc":{"start":{"line":272,"column":8},"end":{"line":272,"column":85}},"type":"if","locations":[{"start":{"line":272,"column":8},"end":{"line":272,"column":85}}]},"57":{"loc":{"start":{"line":276,"column":12},"end":{"line":278,"column":null}},"type":"if","locations":[{"start":{"line":276,"column":12},"end":{"line":278,"column":null}}]},"58":{"loc":{"start":{"line":296,"column":27},"end":{"line":296,"column":65}},"type":"binary-expr","locations":[{"start":{"line":296,"column":27},"end":{"line":296,"column":60}},{"start":{"line":296,"column":64},"end":{"line":296,"column":65}}]}},"s":{"0":16,"1":16,"2":16,"3":1,"4":16,"5":1,"6":1,"7":1,"8":1,"9":0,"10":16,"11":16,"12":0,"13":0,"14":0,"15":16,"16":16,"17":1,"18":1,"19":1,"20":1,"21":0,"22":16,"23":16,"24":3,"25":3,"26":3,"27":3,"28":3,"29":3,"30":2,"31":0,"32":2,"33":1,"34":16,"35":16,"36":1,"37":1,"38":1,"39":1,"40":0,"41":16,"42":16,"43":2,"44":2,"45":2,"46":2,"47":2,"48":2,"49":1,"50":2,"51":1,"52":1,"53":1,"54":1,"55":16,"56":16,"57":3,"58":3,"59":3,"60":3,"61":1,"62":2,"63":2,"64":2,"65":2,"66":2,"67":2,"68":2,"69":0,"70":2,"71":1,"72":1,"73":1,"74":1,"75":1,"76":0,"77":2,"78":2,"79":2,"80":1,"81":1,"82":0,"83":2,"84":2,"85":2,"86":2,"87":1,"88":2,"89":2,"90":0,"91":0,"92":16,"93":16,"94":2,"95":2,"96":2,"97":2,"98":1,"99":1,"100":1,"101":1,"102":1,"103":0,"104":16,"105":16,"106":2,"107":2,"108":2,"109":2,"110":1,"111":1,"112":1,"113":0,"114":1,"115":1,"116":1,"117":1,"118":1,"119":0,"120":16,"121":16,"122":1,"123":1,"124":1,"125":1,"126":1,"127":0,"128":16},"f":{"0":1,"1":1,"2":1,"3":0,"4":0,"5":1,"6":1,"7":3,"8":3,"9":1,"10":1,"11":2,"12":2,"13":3,"14":3,"15":2,"16":2,"17":2,"18":2,"19":1,"20":1},"b":{"0":[1,1],"1":[1],"2":[1],"3":[3],"4":[3,3],"5":[0],"6":[1],"7":[2,1],"8":[2,1],"9":[1],"10":[2,1],"11":[0,1],"12":[0,1],"13":[0,1],"14":[1,1],"15":[1,1],"16":[1],"17":[2,2,2],"18":[2,2,2],"19":[2,1],"20":[0,2],"21":[2,2],"22":[2,2],"23":[0,2],"24":[2,2],"25":[0],"26":[2,0],"27":[1,0],"28":[1,1,0],"29":[0,0],"30":[0,0],"31":[1,0],"32":[1,0],"33":[0,1],"34":[1,1],"35":[1,1],"36":[0,1],"37":[1,1],"38":[1,0],"39":[0,1],"40":[1,1],"41":[0,1],"42":[1,0],"43":[2,0],"44":[1],"45":[2,1],"46":[0,2],"47":[0,2],"48":[0,2],"49":[2,2],"50":[2,2],"51":[2],"52":[1],"53":[1],"54":[1],"55":[2,2,2],"56":[0],"57":[1],"58":[1,0]}}
,"D:\\All Projects\\goshop\\backend\\src\\middleware\\authMiddleware.ts": {"path":"D:\\All Projects\\goshop\\backend\\src\\middleware\\authMiddleware.ts","statementMap":{"0":{"start":{"line":2,"column":0},"end":{"line":2,"column":45}},"1":{"start":{"line":3,"column":0},"end":{"line":3,"column":42}},"2":{"start":{"line":5,"column":30},"end":{"line":34,"column":2}},"3":{"start":{"line":5,"column":88},"end":{"line":34,"column":2}},"4":{"start":{"line":6,"column":23},"end":{"line":6,"column":48}},"5":{"start":{"line":7,"column":4},"end":{"line":9,"column":null}},"6":{"start":{"line":8,"column":8},"end":{"line":8,"column":78}},"7":{"start":{"line":10,"column":24},"end":{"line":10,"column":48}},"8":{"start":{"line":11,"column":4},"end":{"line":13,"column":null}},"9":{"start":{"line":12,"column":8},"end":{"line":12,"column":78}},"10":{"start":{"line":15,"column":4},"end":{"line":33,"column":null}},"11":{"start":{"line":16,"column":29},"end":{"line":16,"column":66}},"12":{"start":{"line":17,"column":8},"end":{"line":17,"column":35}},"13":{"start":{"line":19,"column":21},"end":{"line":21,"column":10}},"14":{"start":{"line":22,"column":8},"end":{"line":24,"column":null}},"15":{"start":{"line":23,"column":12},"end":{"line":23,"column":92}},"16":{"start":{"line":26,"column":8},"end":{"line":28,"column":null}},"17":{"start":{"line":27,"column":12},"end":{"line":27,"column":74}},"18":{"start":{"line":29,"column":8},"end":{"line":29,"column":29}},"19":{"start":{"line":30,"column":8},"end":{"line":30,"column":15}},"20":{"start":{"line":32,"column":8},"end":{"line":32,"column":57}},"21":{"start":{"line":5,"column":13},"end":{"line":5,"column":30}}},"fnMap":{"0":{"name":"(anonymous_8)","decl":{"start":{"line":5,"column":30},"end":{"line":5,"column":37}},"loc":{"start":{"line":5,"column":88},"end":{"line":34,"column":2}}},"1":{"name":"(anonymous_9)","decl":{"start":{"line":5,"column":88},"end":{"line":5,"column":null}},"loc":{"start":{"line":5,"column":88},"end":{"line":34,"column":1}}}},"branchMap":{"0":{"loc":{"start":{"line":7,"column":4},"end":{"line":9,"column":null}},"type":"if","locations":[{"start":{"line":7,"column":4},"end":{"line":9,"column":null}}]},"1":{"loc":{"start":{"line":11,"column":4},"end":{"line":13,"column":null}},"type":"if","locations":[{"start":{"line":11,"column":4},"end":{"line":13,"column":null}}]},"2":{"loc":{"start":{"line":22,"column":8},"end":{"line":24,"column":null}},"type":"if","locations":[{"start":{"line":22,"column":8},"end":{"line":24,"column":null}}]},"3":{"loc":{"start":{"line":22,"column":12},"end":{"line":22,"column":31}},"type":"binary-expr","locations":[{"start":{"line":22,"column":12},"end":{"line":22,"column":17}},{"start":{"line":22,"column":21},"end":{"line":22,"column":31}}]},"4":{"loc":{"start":{"line":26,"column":8},"end":{"line":28,"column":null}},"type":"if","locations":[{"start":{"line":26,"column":8},"end":{"line":28,"column":null}}]}},"s":{"0":8,"1":8,"2":8,"3":4,"4":4,"5":4,"6":1,"7":3,"8":3,"9":0,"10":3,"11":3,"12":2,"13":2,"14":2,"15":0,"16":2,"17":1,"18":1,"19":1,"20":1,"21":8},"f":{"0":4,"1":4},"b":{"0":[1],"1":[0],"2":[0],"3":[2,2],"4":[1]}}
,"D:\\All Projects\\goshop\\backend\\src\\routes\\auth.ts": {"path":"D:\\All Projects\\goshop\\backend\\src\\routes\\auth.ts","statementMap":{"0":{"start":{"line":1,"column":0},"end":{"line":1,"column":33}},"1":{"start":{"line":2,"column":0},"end":{"line":2,"column":67}},"2":{"start":{"line":3,"column":0},"end":{"line":3,"column":45}},"3":{"start":{"line":4,"column":0},"end":{"line":4,"column":42}},"4":{"start":{"line":5,"column":0},"end":{"line":5,"column":62}},"5":{"start":{"line":6,"column":15},"end":{"line":6,"column":23}},"6":{"start":{"line":8,"column":0},"end":{"line":34,"column":3}},"7":{"start":{"line":8,"column":49},"end":{"line":34,"column":2}},"8":{"start":{"line":9,"column":24},"end":{"line":9,"column":32}},"9":{"start":{"line":10,"column":4},"end":{"line":10,"column":46}},"10":{"start":{"line":11,"column":4},"end":{"line":33,"column":null}},"11":{"start":{"line":12,"column":24},"end":{"line":12,"column":57}},"12":{"start":{"line":13,"column":8},"end":{"line":13,"column":49}},"13":{"start":{"line":14,"column":21},"end":{"line":16,"column":10}},"14":{"start":{"line":17,"column":8},"end":{"line":20,"column":null}},"15":{"start":{"line":18,"column":12},"end":{"line":18,"column":70}},"16":{"start":{"line":19,"column":12},"end":{"line":19,"column":71}},"17":{"start":{"line":21,"column":8},"end":{"line":23,"column":null}},"18":{"start":{"line":22,"column":12},"end":{"line":22,"column":74}},"19":{"start":{"line":24,"column":8},"end":{"line":24,"column":75}},"20":{"start":{"line":25,"column":8},"end":{"line":29,"column":11}},"21":{"start":{"line":31,"column":8},"end":{"line":31,"column":54}},"22":{"start":{"line":32,"column":8},"end":{"line":32,"column":66}},"23":{"start":{"line":36,"column":0},"end":{"line":36,"column":52}},"24":{"start":{"line":37,"column":0},"end":{"line":37,"column":35}},"25":{"start":{"line":40,"column":0},"end":{"line":49,"column":3}},"26":{"start":{"line":40,"column":53},"end":{"line":49,"column":2}},"27":{"start":{"line":41,"column":4},"end":{"line":48,"column":null}},"28":{"start":{"line":42,"column":17},"end":{"line":42,"column":81}},"29":{"start":{"line":43,"column":8},"end":{"line":43,"column":78}},"30":{"start":{"line":43,"column":19},"end":{"line":43,"column":78}},"31":{"start":{"line":45,"column":4},"end":{"line":45,"column":115}},"32":{"start":{"line":47,"column":8},"end":{"line":47,"column":75}},"33":{"start":{"line":51,"column":0},"end":{"line":51,"column":22}}},"fnMap":{"0":{"name":"(anonymous_8)","decl":{"start":{"line":8,"column":30},"end":{"line":8,"column":37}},"loc":{"start":{"line":8,"column":49},"end":{"line":34,"column":2}}},"1":{"name":"(anonymous_9)","decl":{"start":{"line":8,"column":49},"end":{"line":8,"column":null}},"loc":{"start":{"line":8,"column":49},"end":{"line":34,"column":1}}},"2":{"name":"(anonymous_10)","decl":{"start":{"line":40,"column":34},"end":{"line":40,"column":41}},"loc":{"start":{"line":40,"column":53},"end":{"line":49,"column":2}}},"3":{"name":"(anonymous_11)","decl":{"start":{"line":40,"column":53},"end":{"line":40,"column":null}},"loc":{"start":{"line":40,"column":53},"end":{"line":49,"column":1}}}},"branchMap":{"0":{"loc":{"start":{"line":17,"column":8},"end":{"line":20,"column":null}},"type":"if","locations":[{"start":{"line":17,"column":8},"end":{"line":20,"column":null}}]},"1":{"loc":{"start":{"line":21,"column":8},"end":{"line":23,"column":null}},"type":"if","locations":[{"start":{"line":21,"column":8},"end":{"line":23,"column":null}}]},"2":{"loc":{"start":{"line":43,"column":8},"end":{"line":43,"column":78}},"type":"if","locations":[{"start":{"line":43,"column":8},"end":{"line":43,"column":78}}]}},"s":{"0":7,"1":7,"2":7,"3":7,"4":7,"5":7,"6":7,"7":4,"8":4,"9":4,"10":4,"11":4,"12":3,"13":3,"14":3,"15":1,"16":1,"17":2,"18":1,"19":1,"20":1,"21":1,"22":1,"23":7,"24":7,"25":7,"26":3,"27":3,"28":3,"29":2,"30":1,"31":1,"32":1,"33":7},"f":{"0":4,"1":4,"2":3,"3":3},"b":{"0":[1],"1":[1],"2":[1]}}
}
