TN:
SF:src\config\firebase.ts
FNF:0
FNH:0
DA:1,12
DA:2,12
DA:4,12
DA:17,12
DA:22,12
DA:23,12
LF:6
LH:6
BRF:0
BRH:0
end_of_record
TN:
SF:src\config\prisma-client.ts
FNF:0
FNH:0
DA:1,43
DA:8,43
DA:9,0
DA:13,43
DA:14,0
DA:18,43
DA:21,43
LF:7
LH:5
BRDA:8,0,0,0
BRDA:8,0,1,43
BRDA:13,1,0,0
BRF:3
BRH:1
end_of_record
TN:
SF:src\config\stripe.ts
FNF:0
FNH:0
DA:1,24
DA:2,24
DA:7,24
LF:3
LH:3
BRDA:2,0,0,24
BRDA:2,0,1,7
BRF:2
BRH:2
end_of_record
TN:
SF:src\controllers\auth.ts
FN:5,(anonymous_8)
FN:5,(anonymous_9)
FN:65,(anonymous_10)
FN:65,(anonymous_11)
FNF:4
FNH:2
FNDA:8,(anonymous_8)
FNDA:8,(anonymous_9)
FNDA:0,(anonymous_10)
FNDA:0,(anonymous_11)
DA:2,15
DA:3,15
DA:5,15
DA:6,8
DA:7,8
DA:10,8
DA:11,1
DA:13,7
DA:14,1
DA:16,6
DA:17,6
DA:18,1
DA:24,5
DA:28,1
DA:33,1
DA:34,1
DA:44,1
DA:45,1
DA:47,1
DA:50,4
DA:51,4
DA:52,4
DA:53,1
DA:54,3
DA:55,1
DA:56,2
DA:57,1
DA:58,1
DA:59,1
DA:61,4
DA:65,15
DA:66,0
DA:67,0
DA:68,0
DA:75,0
DA:77,0
LF:36
LH:31
BRDA:10,0,0,1
BRDA:10,1,0,8
BRDA:10,1,1,7
BRDA:10,1,2,7
BRDA:13,2,0,1
BRDA:17,3,0,1
BRDA:33,4,0,0
BRDA:33,4,1,1
BRDA:52,5,0,1
BRDA:52,5,1,3
BRDA:54,6,0,1
BRDA:54,6,1,2
BRDA:56,7,0,1
BRDA:56,7,1,1
BRDA:58,8,0,1
BRF:15
BRH:14
end_of_record
TN:
SF:src\controllers\checkout.ts
FN:5,(anonymous_8)
FN:5,(anonymous_9)
FN:14,(anonymous_10)
FN:14,(anonymous_11)
FN:17,(anonymous_12)
FN:17,(anonymous_13)
FN:31,(anonymous_14)
FN:31,(anonymous_15)
FNF:8
FNH:8
FNDA:2,(anonymous_8)
FNDA:2,(anonymous_9)
FNDA:1,(anonymous_10)
FNDA:1,(anonymous_11)
FNDA:2,(anonymous_12)
FNDA:2,(anonymous_13)
FNDA:5,(anonymous_14)
FNDA:5,(anonymous_15)
DA:1,8
DA:2,8
DA:5,8
DA:6,2
DA:7,2
DA:8,1
DA:10,1
DA:14,8
DA:15,1
DA:16,1
DA:17,2
DA:18,2
DA:23,2
DA:25,1
DA:27,0
DA:31,8
DA:32,5
DA:33,5
DA:36,5
DA:37,5
DA:40,5
DA:41,5
DA:42,5
DA:43,5
DA:44,5
DA:45,5
DA:46,5
DA:47,4
DA:48,3
DA:49,2
DA:53,1
DA:54,1
DA:58,1
DA:64,1
DA:79,1
DA:84,0
DA:86,0
DA:87,0
DA:89,0
LF:39
LH:34
BRDA:20,0,0,0
BRDA:20,0,1,2
BRDA:20,1,0,2
BRDA:20,1,1,2
BRDA:23,2,0,0
BRDA:23,2,1,2
BRDA:23,3,0,2
BRDA:23,3,1,2
BRDA:33,4,0,0
BRDA:33,4,1,5
BRDA:34,5,0,0
BRDA:34,5,1,0
BRDA:35,6,0,5
BRDA:35,6,1,0
BRDA:40,7,0,5
BRDA:40,7,1,0
BRDA:43,8,0,5
BRDA:43,8,1,0
BRDA:43,8,2,0
BRDA:44,9,0,5
BRDA:44,9,1,0
BRDA:44,9,2,0
BRDA:45,10,0,0
BRDA:45,11,0,5
BRDA:45,11,1,5
BRDA:47,12,0,1
BRDA:48,13,0,2
BRDA:71,14,0,1
BRDA:71,14,1,0
BRDA:73,15,0,1
BRDA:73,15,1,0
BRDA:75,16,0,1
BRDA:75,16,1,0
BRDA:84,17,0,0
BRDA:84,17,1,0
BRDA:84,18,0,0
BRDA:84,18,1,0
BRDA:84,19,0,0
BRDA:84,19,1,0
BRDA:84,20,0,0
BRDA:84,20,1,0
BRDA:86,21,0,0
BRDA:87,22,0,0
BRDA:87,22,1,0
BRDA:87,23,0,0
BRDA:87,23,1,0
BRDA:87,24,0,0
BRDA:87,24,1,0
BRDA:87,25,0,0
BRDA:87,25,1,0
BRF:50
BRH:18
end_of_record
TN:
SF:src\controllers\products.ts
FN:6,(anonymous_8)
FN:10,(anonymous_9)
FN:10,(anonymous_10)
FN:29,(anonymous_11)
FN:29,(anonymous_12)
FN:37,(anonymous_13)
FN:37,(anonymous_14)
FN:50,(anonymous_15)
FN:50,(anonymous_16)
FN:81,(anonymous_17)
FN:81,(anonymous_18)
FN:98,(anonymous_19)
FN:98,(anonymous_20)
FN:149,(anonymous_21)
FN:149,(anonymous_22)
FN:246,(anonymous_23)
FN:246,(anonymous_24)
FN:265,(anonymous_25)
FN:265,(anonymous_26)
FN:287,(anonymous_27)
FN:287,(anonymous_28)
FNF:21
FNH:19
FNDA:1,(anonymous_8)
FNDA:1,(anonymous_9)
FNDA:1,(anonymous_10)
FNDA:0,(anonymous_11)
FNDA:0,(anonymous_12)
FNDA:1,(anonymous_13)
FNDA:1,(anonymous_14)
FNDA:3,(anonymous_15)
FNDA:3,(anonymous_16)
FNDA:1,(anonymous_17)
FNDA:1,(anonymous_18)
FNDA:2,(anonymous_19)
FNDA:2,(anonymous_20)
FNDA:3,(anonymous_21)
FNDA:3,(anonymous_22)
FNDA:2,(anonymous_23)
FNDA:2,(anonymous_24)
FNDA:2,(anonymous_25)
FNDA:2,(anonymous_26)
FNDA:1,(anonymous_27)
FNDA:1,(anonymous_28)
DA:1,16
DA:3,16
DA:6,16
DA:7,1
DA:10,16
DA:11,1
DA:21,1
DA:22,1
DA:25,0
DA:29,16
DA:30,0
DA:34,0
DA:37,16
DA:38,1
DA:43,1
DA:44,1
DA:47,0
DA:50,16
DA:51,3
DA:52,3
DA:53,3
DA:54,3
DA:56,3
DA:70,2
DA:71,0
DA:74,2
DA:76,1
DA:81,16
DA:82,1
DA:91,1
DA:92,1
DA:95,0
DA:98,16
DA:99,2
DA:100,2
DA:102,2
DA:103,2
DA:111,2
DA:112,2
DA:114,1
DA:142,1
DA:144,1
DA:145,1
DA:149,16
DA:150,3
DA:151,3
DA:157,3
DA:158,1
DA:161,2
DA:163,2
DA:165,2
DA:166,2
DA:169,2
DA:170,2
DA:174,2
DA:175,2
DA:178,1
DA:179,1
DA:180,1
DA:189,1
DA:190,1
DA:192,0
DA:197,2
DA:198,2
DA:199,2
DA:200,1
DA:205,1
DA:209,0
DA:213,2
DA:231,2
DA:232,2
DA:234,2
DA:239,2
DA:241,0
DA:242,0
DA:246,16
DA:247,2
DA:248,2
DA:249,2
DA:251,1
DA:257,1
DA:258,1
DA:260,0
DA:265,16
DA:266,2
DA:267,2
DA:268,2
DA:269,1
DA:271,1
DA:272,1
DA:273,1
DA:274,1
DA:276,1
DA:277,1
DA:280,1
DA:282,0
DA:287,16
DA:288,1
DA:289,1
DA:296,1
DA:297,1
DA:304,0
LF:102
LH:89
BRDA:7,0,0,1
BRDA:7,0,1,1
BRDA:21,1,0,1
BRDA:43,2,0,1
BRDA:53,3,0,3
BRDA:53,4,0,3
BRDA:53,4,1,3
BRDA:70,5,0,0
BRDA:91,6,0,1
BRDA:100,7,0,2
BRDA:100,7,1,1
BRDA:102,8,0,2
BRDA:102,8,1,1
BRDA:111,9,0,1
BRDA:111,10,0,2
BRDA:111,10,1,1
BRDA:124,11,0,0
BRDA:124,11,1,1
BRDA:125,12,0,0
BRDA:125,12,1,1
BRDA:126,13,0,0
BRDA:126,13,1,1
BRDA:127,14,0,1
BRDA:127,14,1,1
BRDA:128,15,0,1
BRDA:128,15,1,1
BRDA:157,16,0,1
BRDA:161,17,0,2
BRDA:161,17,1,2
BRDA:161,17,2,2
BRDA:163,18,0,2
BRDA:163,18,1,2
BRDA:163,18,2,2
BRDA:171,19,0,2
BRDA:171,19,1,1
BRDA:171,20,0,0
BRDA:171,20,1,2
BRDA:171,21,0,2
BRDA:171,21,1,2
BRDA:172,22,0,2
BRDA:172,22,1,2
BRDA:172,23,0,0
BRDA:172,23,1,2
BRDA:172,24,0,2
BRDA:172,24,1,2
BRDA:174,25,0,0
BRDA:174,26,0,2
BRDA:174,26,1,0
BRDA:178,27,0,1
BRDA:178,27,1,0
BRDA:178,28,0,1
BRDA:178,28,1,1
BRDA:178,28,2,0
BRDA:178,29,0,0
BRDA:178,29,1,0
BRDA:178,30,0,0
BRDA:178,30,1,0
BRDA:179,31,0,1
BRDA:179,31,1,0
BRDA:181,32,0,1
BRDA:181,32,1,0
BRDA:181,33,0,0
BRDA:181,33,1,1
BRDA:181,34,0,1
BRDA:181,34,1,1
BRDA:182,35,0,1
BRDA:182,35,1,1
BRDA:182,36,0,0
BRDA:182,36,1,1
BRDA:182,37,0,1
BRDA:182,37,1,1
BRDA:185,38,0,1
BRDA:185,38,1,0
BRDA:185,39,0,0
BRDA:185,39,1,1
BRDA:185,40,0,1
BRDA:185,40,1,1
BRDA:187,41,0,0
BRDA:187,41,1,1
BRDA:187,42,0,1
BRDA:187,42,1,0
BRDA:198,43,0,2
BRDA:198,43,1,0
BRDA:199,44,0,1
BRDA:199,45,0,2
BRDA:199,45,1,1
BRDA:219,46,0,0
BRDA:219,46,1,2
BRDA:220,47,0,0
BRDA:220,47,1,2
BRDA:221,48,0,0
BRDA:221,48,1,2
BRDA:222,49,0,2
BRDA:222,49,1,2
BRDA:223,50,0,2
BRDA:223,50,1,2
BRDA:231,51,0,2
BRDA:232,52,0,1
BRDA:249,53,0,1
BRDA:268,54,0,1
BRDA:268,55,0,2
BRDA:268,55,1,2
BRDA:268,55,2,2
BRDA:272,56,0,0
BRDA:276,57,0,1
BRDA:296,58,0,1
BRDA:296,58,1,0
BRF:107
BRH:79
end_of_record
TN:
SF:src\middleware\authMiddleware.ts
FN:5,(anonymous_8)
FN:5,(anonymous_9)
FNF:2
FNH:2
FNDA:4,(anonymous_8)
FNDA:4,(anonymous_9)
DA:2,8
DA:3,8
DA:5,8
DA:6,4
DA:7,4
DA:8,1
DA:10,3
DA:11,3
DA:12,0
DA:15,3
DA:16,3
DA:17,2
DA:19,2
DA:22,2
DA:23,0
DA:26,2
DA:27,1
DA:29,1
DA:30,1
DA:32,1
LF:20
LH:18
BRDA:7,0,0,1
BRDA:11,1,0,0
BRDA:22,2,0,0
BRDA:22,3,0,2
BRDA:22,3,1,2
BRDA:26,4,0,1
BRF:6
BRH:4
end_of_record
TN:
SF:src\routes\auth.ts
FN:8,(anonymous_8)
FN:8,(anonymous_9)
FN:40,(anonymous_10)
FN:40,(anonymous_11)
FNF:4
FNH:4
FNDA:4,(anonymous_8)
FNDA:4,(anonymous_9)
FNDA:3,(anonymous_10)
FNDA:3,(anonymous_11)
DA:1,7
DA:2,7
DA:3,7
DA:4,7
DA:5,7
DA:6,7
DA:8,7
DA:9,4
DA:10,4
DA:11,4
DA:12,4
DA:13,3
DA:14,3
DA:17,3
DA:18,1
DA:19,1
DA:21,2
DA:22,1
DA:24,1
DA:25,1
DA:31,1
DA:32,1
DA:36,7
DA:37,7
DA:40,7
DA:41,3
DA:42,3
DA:43,2
DA:45,1
DA:47,1
DA:51,7
LF:31
LH:31
BRDA:17,0,0,1
BRDA:21,1,0,1
BRDA:43,2,0,1
BRF:3
BRH:3
end_of_record
